#
# A fatal error has been detected by the Java Runtime Environment:
#
#  Internal Error (safepoint.cpp:917), pid=1812, tid=26887
#  fatal error: Illegal threadstate encountered: 4
#
# JRE version: Java(TM) SE Runtime Environment (11.0.5+10) (build 11.0.5+10-LTS)
# Java VM: Java HotSpot(TM) 64-Bit Server VM (11.0.5+10-LTS, mixed mode, tiered, compressed oops, g1 gc, bsd-amd64)
# No core dump will be written. Core dumps have been disabled. To enable core dumping, try "ulimit -c unlimited" before starting Java again
#
# If you would like to submit a bug report, please visit:
#   http://bugreport.java.com/bugreport/crash.jsp
# The crash happened outside the Java Virtual Machine in native code.
# See problematic frame for where to report the bug.
#

---------------  S U M M A R Y ------------

Command Line: --module-path=/Users/mac/.m2/repository/org/openjfx/javafx-base/13/javafx-base-13-mac.jar:/Users/mac/.m2/repository/org/openjfx/javafx-base/13/javafx-base-13.jar:/Users/mac/.m2/repository/org/openjfx/javafx-controls/13/javafx-controls-13-mac.jar:/Users/mac/.m2/repository/org/openjfx/javafx-controls/13/javafx-controls-13.jar:/Users/mac/.m2/repository/org/openjfx/javafx-fxml/13/javafx-fxml-13-mac.jar:/Users/mac/.m2/repository/org/openjfx/javafx-fxml/13/javafx-fxml-13.jar:/Users/mac/.m2/repository/org/openjfx/javafx-graphics/13/javafx-graphics-13-mac.jar:/Users/mac/.m2/repository/org/openjfx/javafx-graphics/13/javafx-graphics-13.jar --add-modules=javafx.base,javafx.controls,javafx.fxml,javafx.graphics com.checkers.open.App

Host: MacBookAir7,2 x86_64 1800 MHz, 4 cores, 8G, Darwin 21.6.0
Time: Sun Mar 10 17:18:13 2024 EAT elapsed time: 151 seconds (0d 0h 2m 31s)

---------------  T H R E A D  ---------------

Current thread (0x00007f87ff21e000):  JavaThread "InvokeLaterDispatcher" daemon [_thread_in_native, id=26887, stack(0x000070000f7fc000,0x000070000f8fc000)]

Stack: [0x000070000f7fc000,0x000070000f8fc000],  sp=0x000070000f8fa310,  free space=1016k
Native frames: (J=compiled Java code, A=aot compiled Java code, j=interpreted, Vv=VM code, C=native code)
V  [libjvm.dylib+0x741275]  _ZN7VMError14report_and_dieEiPKcS1_P13__va_list_tagP6ThreadPhPvS7_S1_im+0x5d1
V  [libjvm.dylib+0x741901]  _ZN7VMError14report_and_dieEP6ThreadPvPKciS4_S4_P13__va_list_tag+0x47
V  [libjvm.dylib+0x265aad]  _Z12report_fatalPKciS0_z+0xb5
V  [libjvm.dylib+0x662497]  _ZN20SafepointSynchronize5blockEP10JavaThread+0x1d1
V  [libjvm.dylib+0x6f12e4]  _ZN10JavaThread44check_safepoint_and_suspend_for_native_transEPS_+0xaa
V  [libjvm.dylib+0x3d8012]  jni_DeleteGlobalRef+0x93
C  [libglass.dylib+0x8e55]  -[GlassRunnable dealloc]+0x35
C  [Foundation+0x818be]  -[_NSThreadPerformInfo dealloc]+0x2a
C  [Foundation+0x4e446]  -[NSObject(NSThreadPerformAdditions) performSelectorOnMainThread:withObject:waitUntilDone:]+0x7c
j  com.sun.glass.ui.mac.MacApplication._submitForLaterInvocation(Ljava/lang/Runnable;)V+0 javafx.graphics
j  com.sun.glass.ui.mac.MacApplication.submitForLaterInvocation(Ljava/lang/Runnable;)V+2 javafx.graphics
j  com.sun.glass.ui.InvokeLaterDispatcher.run()V+82 javafx.graphics
v  ~StubRoutines::call_stub
V  [libjvm.dylib+0x39d6e2]  _ZN9JavaCalls11call_helperEP9JavaValueRK12methodHandleP17JavaCallArgumentsP6Thread+0x21a
V  [libjvm.dylib+0x39cb2c]  _ZN9JavaCalls12call_virtualEP9JavaValueP5KlassP6SymbolS5_P17JavaCallArgumentsP6Thread+0xee
V  [libjvm.dylib+0x39cbe8]  _ZN9JavaCalls12call_virtualEP9JavaValue6HandleP5KlassP6SymbolS6_P6Thread+0x62
V  [libjvm.dylib+0x420bec]  _ZL12thread_entryP10JavaThreadP6Thread+0x78
V  [libjvm.dylib+0x6efcc6]  _ZN10JavaThread17thread_main_innerEv+0x82
V  [libjvm.dylib+0x6efb11]  _ZN10JavaThread3runEv+0x1ab
V  [libjvm.dylib+0x5f27c3]  _ZL19thread_native_entryP6Thread+0x135
C  [libsystem_pthread.dylib+0x64e1]  _pthread_start+0x7d
C  [libsystem_pthread.dylib+0x1f6b]  thread_start+0xf

Java frames: (J=compiled Java code, j=interpreted, Vv=VM code)
j  com.sun.glass.ui.mac.MacApplication._submitForLaterInvocation(Ljava/lang/Runnable;)V+0 javafx.graphics
j  com.sun.glass.ui.mac.MacApplication.submitForLaterInvocation(Ljava/lang/Runnable;)V+2 javafx.graphics
j  com.sun.glass.ui.InvokeLaterDispatcher.run()V+82 javafx.graphics
v  ~StubRoutines::call_stub

---------------  P R O C E S S  ---------------

Threads class SMR info:
_java_thread_list=0x0000600000bcd700, length=16, elements={
0x00007f87fe00c800, 0x00007f87fe820800, 0x00007f87fe825800, 0x00007f8800016800,
0x00007f87fe06b800, 0x00007f87fe82e800, 0x00007f87fe064000, 0x00007f87fe876000,
0x00007f88000f5800, 0x00007f87fe87c000, 0x00007f87ff21e000, 0x00007f87ff21f000,
0x00007f87fe900800, 0x00007f8800307800, 0x00007f87fea88000, 0x00007f87fe09c800
}

Java Threads: ( => current thread )
  0x00007f87fe00c800 JavaThread "main" [_thread_blocked, id=6147, stack(0x000070000e540000,0x000070000e640000)]
  0x00007f87fe820800 JavaThread "Reference Handler" daemon [_thread_blocked, id=19715, stack(0x000070000ec55000,0x000070000ed55000)]
  0x00007f87fe825800 JavaThread "Finalizer" daemon [_thread_blocked, id=19203, stack(0x000070000ed58000,0x000070000ee58000)]
  0x00007f8800016800 JavaThread "Signal Dispatcher" daemon [_thread_blocked, id=17411, stack(0x000070000efe4000,0x000070000f0e4000)]
  0x00007f87fe06b800 JavaThread "C2 CompilerThread0" daemon [_thread_blocked, id=16899, stack(0x000070000f0e7000,0x000070000f1e7000)]
  0x00007f87fe82e800 JavaThread "C1 CompilerThread0" daemon [_thread_blocked, id=16131, stack(0x000070000f1ea000,0x000070000f2ea000)]
  0x00007f87fe064000 JavaThread "Sweeper thread" daemon [_thread_blocked, id=22019, stack(0x000070000f2ed000,0x000070000f3ed000)]
  0x00007f87fe876000 JavaThread "Common-Cleaner" daemon [_thread_blocked, id=42755, stack(0x000070000f3f0000,0x000070000f4f0000)]
  0x00007f88000f5800 JavaThread "Service Thread" daemon [_thread_blocked, id=42243, stack(0x000070000f4f3000,0x000070000f5f3000)]
  0x00007f87fe87c000 JavaThread "QuantumRenderer-0" daemon [_thread_blocked, id=41475, stack(0x000070000f6f9000,0x000070000f7f9000)]
=>0x00007f87ff21e000 JavaThread "InvokeLaterDispatcher" daemon [_thread_in_native, id=26887, stack(0x000070000f7fc000,0x000070000f8fc000)]
  0x00007f87ff21f000 JavaThread "JavaFX Application Thread" [_thread_in_native, id=259, stack(0x00007ff7b3175000,0x00007ff7b3975000)]
  0x00007f87fe900800 JavaThread "JavaFX-Launcher" [_thread_blocked, id=52227, stack(0x000070000fd91000,0x000070000fe91000)]
  0x00007f8800307800 JavaThread "Prism Font Disposer" daemon [_thread_blocked, id=55307, stack(0x000070000fe94000,0x000070000ff94000)]
  0x00007f87fea88000 JavaThread "Cleaner-0" daemon [_thread_blocked, id=61443, stack(0x000070001009d000,0x000070001019d000)]
  0x00007f87fe09c800 JavaThread "PulseTimer-CVDisplayLink thread" daemon [_thread_in_native, id=81787, stack(0x000070000ee5b000,0x000070000eedb000)]

Other Threads:
  0x00007f87fe060000 VMThread "VM Thread" [stack: 0x000070000eb52000,0x000070000ec52000] [id=13059]
  0x00007f87ff012000 WatcherThread [stack: 0x000070000f5f6000,0x000070000f6f6000] [id=22531]
  0x00007f87fe00f800 GCTaskThread "GC Thread#0" [stack: 0x000070000e643000,0x000070000e743000] [id=11779]
  0x00007f8800124800 GCTaskThread "GC Thread#1" [stack: 0x000070000f8ff000,0x000070000f9ff000] [id=86275]
  0x00007f8800199000 GCTaskThread "GC Thread#2" [stack: 0x000070000fa02000,0x000070000fb02000] [id=85763]
  0x00007f8800199800 GCTaskThread "GC Thread#3" [stack: 0x000070000fb05000,0x000070000fc05000] [id=85251]
  0x00007f87fe03b000 ConcurrentGCThread "G1 Main Marker" [stack: 0x000070000e746000,0x000070000e846000] [id=12035]
  0x00007f87fe03c000 ConcurrentGCThread "G1 Conc#0" [stack: 0x000070000e849000,0x000070000e949000] [id=20739]
  0x00007f87ff052800 ConcurrentGCThread "G1 Refine#0" [stack: 0x000070000e94c000,0x000070000ea4c000] [id=20483]
  0x00007f87fe80b800 ConcurrentGCThread "G1 Young RemSet Sampling" [stack: 0x000070000ea4f000,0x000070000eb4f000] [id=20227]

Threads with active compile tasks:

VM state:not at safepoint (normal execution)

VM Mutex/Monitor currently owned by a thread: None

Heap address: 0x0000000780000000, size: 2048 MB, Compressed Oops mode: Zero based, Oop shift amount: 3
Narrow klass base: 0x0000000800000000, Narrow klass shift: 0
Compressed class space size: 1073741824 Address: 0x0000000800000000

Heap:
 garbage-first heap   total 131072K, used 20193K [0x0000000780000000, 0x0000000800000000)
  region size 1024K, 19 young (19456K), 7 survivors (7168K)
 Metaspace       used 21728K, capacity 22413K, committed 22656K, reserved 1069056K
  class space    used 2550K, capacity 2858K, committed 2944K, reserved 1048576K
Heap Regions: E=young(eden), S=young(survivor), O=old, HS=humongous(starts), HC=humongous(continues), CS=collection set, F=free, A=archive, TAMS=top-at-mark-start (previous, next)
|   0|0x0000000780000000, 0x0000000780100000, 0x0000000780100000|100%|HS|  |TAMS 0x0000000780000000, 0x0000000780000000| Complete 
|   1|0x0000000780100000, 0x0000000780200000, 0x0000000780200000|100%|HC|  |TAMS 0x0000000780100000, 0x0000000780100000| Complete 
|   2|0x0000000780200000, 0x0000000780200000, 0x0000000780300000|  0%| F|  |TAMS 0x0000000780200000, 0x0000000780200000| Untracked 
|   3|0x0000000780300000, 0x0000000780300000, 0x0000000780400000|  0%| F|  |TAMS 0x0000000780300000, 0x0000000780300000| Untracked 
|   4|0x0000000780400000, 0x0000000780400000, 0x0000000780500000|  0%| F|  |TAMS 0x0000000780400000, 0x0000000780400000| Untracked 
|   5|0x0000000780500000, 0x0000000780500000, 0x0000000780600000|  0%| F|  |TAMS 0x0000000780500000, 0x0000000780500000| Untracked 
|   6|0x0000000780600000, 0x0000000780600000, 0x0000000780700000|  0%| F|  |TAMS 0x0000000780600000, 0x0000000780600000| Untracked 
|   7|0x0000000780700000, 0x0000000780700000, 0x0000000780800000|  0%| F|  |TAMS 0x0000000780700000, 0x0000000780700000| Untracked 
|   8|0x0000000780800000, 0x0000000780800000, 0x0000000780900000|  0%| F|  |TAMS 0x0000000780800000, 0x0000000780800000| Untracked 
|   9|0x0000000780900000, 0x0000000780900000, 0x0000000780a00000|  0%| F|  |TAMS 0x0000000780900000, 0x0000000780900000| Untracked 
|  10|0x0000000780a00000, 0x0000000780a00000, 0x0000000780b00000|  0%| F|  |TAMS 0x0000000780a00000, 0x0000000780a00000| Untracked 
|  11|0x0000000780b00000, 0x0000000780b00000, 0x0000000780c00000|  0%| F|  |TAMS 0x0000000780b00000, 0x0000000780b00000| Untracked 
|  12|0x0000000780c00000, 0x0000000780c00000, 0x0000000780d00000|  0%| F|  |TAMS 0x0000000780c00000, 0x0000000780c00000| Untracked 
|  13|0x0000000780d00000, 0x0000000780d00000, 0x0000000780e00000|  0%| F|  |TAMS 0x0000000780d00000, 0x0000000780d00000| Untracked 
|  14|0x0000000780e00000, 0x0000000780e00000, 0x0000000780f00000|  0%| F|  |TAMS 0x0000000780e00000, 0x0000000780e00000| Untracked 
|  15|0x0000000780f00000, 0x0000000780f00000, 0x0000000781000000|  0%| F|  |TAMS 0x0000000780f00000, 0x0000000780f00000| Untracked 
|  16|0x0000000781000000, 0x0000000781000000, 0x0000000781100000|  0%| F|  |TAMS 0x0000000781000000, 0x0000000781000000| Untracked 
|  17|0x0000000781100000, 0x0000000781100000, 0x0000000781200000|  0%| F|  |TAMS 0x0000000781100000, 0x0000000781100000| Untracked 
|  18|0x0000000781200000, 0x0000000781200000, 0x0000000781300000|  0%| F|  |TAMS 0x0000000781200000, 0x0000000781200000| Untracked 
|  19|0x0000000781300000, 0x0000000781300000, 0x0000000781400000|  0%| F|  |TAMS 0x0000000781300000, 0x0000000781300000| Untracked 
|  20|0x0000000781400000, 0x0000000781400000, 0x0000000781500000|  0%| F|  |TAMS 0x0000000781400000, 0x0000000781400000| Untracked 
|  21|0x0000000781500000, 0x0000000781500000, 0x0000000781600000|  0%| F|  |TAMS 0x0000000781500000, 0x0000000781500000| Untracked 
|  22|0x0000000781600000, 0x0000000781600000, 0x0000000781700000|  0%| F|  |TAMS 0x0000000781600000, 0x0000000781600000| Untracked 
|  23|0x0000000781700000, 0x0000000781700000, 0x0000000781800000|  0%| F|  |TAMS 0x0000000781700000, 0x0000000781700000| Untracked 
|  24|0x0000000781800000, 0x0000000781800000, 0x0000000781900000|  0%| F|  |TAMS 0x0000000781800000, 0x0000000781800000| Untracked 
|  25|0x0000000781900000, 0x0000000781900000, 0x0000000781a00000|  0%| F|  |TAMS 0x0000000781900000, 0x0000000781900000| Untracked 
|  26|0x0000000781a00000, 0x0000000781a00000, 0x0000000781b00000|  0%| F|  |TAMS 0x0000000781a00000, 0x0000000781a00000| Untracked 
|  27|0x0000000781b00000, 0x0000000781b00000, 0x0000000781c00000|  0%| F|  |TAMS 0x0000000781b00000, 0x0000000781b00000| Untracked 
|  28|0x0000000781c00000, 0x0000000781c00000, 0x0000000781d00000|  0%| F|  |TAMS 0x0000000781c00000, 0x0000000781c00000| Untracked 
|  29|0x0000000781d00000, 0x0000000781d00000, 0x0000000781e00000|  0%| F|  |TAMS 0x0000000781d00000, 0x0000000781d00000| Untracked 
|  30|0x0000000781e00000, 0x0000000781e00000, 0x0000000781f00000|  0%| F|  |TAMS 0x0000000781e00000, 0x0000000781e00000| Untracked 
|  31|0x0000000781f00000, 0x0000000781f00000, 0x0000000782000000|  0%| F|  |TAMS 0x0000000781f00000, 0x0000000781f00000| Untracked 
|  32|0x0000000782000000, 0x0000000782000000, 0x0000000782100000|  0%| F|  |TAMS 0x0000000782000000, 0x0000000782000000| Untracked 
|  33|0x0000000782100000, 0x0000000782100000, 0x0000000782200000|  0%| F|  |TAMS 0x0000000782100000, 0x0000000782100000| Untracked 
|  34|0x0000000782200000, 0x0000000782200000, 0x0000000782300000|  0%| F|  |TAMS 0x0000000782200000, 0x0000000782200000| Untracked 
|  35|0x0000000782300000, 0x0000000782300000, 0x0000000782400000|  0%| F|  |TAMS 0x0000000782300000, 0x0000000782300000| Untracked 
|  36|0x0000000782400000, 0x0000000782400000, 0x0000000782500000|  0%| F|  |TAMS 0x0000000782400000, 0x0000000782400000| Untracked 
|  37|0x0000000782500000, 0x0000000782500000, 0x0000000782600000|  0%| F|  |TAMS 0x0000000782500000, 0x0000000782500000| Untracked 
|  38|0x0000000782600000, 0x0000000782600000, 0x0000000782700000|  0%| F|  |TAMS 0x0000000782600000, 0x0000000782600000| Untracked 
|  39|0x0000000782700000, 0x0000000782700000, 0x0000000782800000|  0%| F|  |TAMS 0x0000000782700000, 0x0000000782700000| Untracked 
|  40|0x0000000782800000, 0x0000000782800000, 0x0000000782900000|  0%| F|  |TAMS 0x0000000782800000, 0x0000000782800000| Untracked 
|  41|0x0000000782900000, 0x0000000782900000, 0x0000000782a00000|  0%| F|  |TAMS 0x0000000782900000, 0x0000000782900000| Untracked 
|  42|0x0000000782a00000, 0x0000000782a00000, 0x0000000782b00000|  0%| F|  |TAMS 0x0000000782a00000, 0x0000000782a00000| Untracked 
|  43|0x0000000782b00000, 0x0000000782b00000, 0x0000000782c00000|  0%| F|  |TAMS 0x0000000782b00000, 0x0000000782b00000| Untracked 
|  44|0x0000000782c00000, 0x0000000782c00000, 0x0000000782d00000|  0%| F|  |TAMS 0x0000000782c00000, 0x0000000782c00000| Untracked 
|  45|0x0000000782d00000, 0x0000000782d00000, 0x0000000782e00000|  0%| F|  |TAMS 0x0000000782d00000, 0x0000000782d00000| Untracked 
|  46|0x0000000782e00000, 0x0000000782e00000, 0x0000000782f00000|  0%| F|  |TAMS 0x0000000782e00000, 0x0000000782e00000| Untracked 
|  47|0x0000000782f00000, 0x0000000782f00000, 0x0000000783000000|  0%| F|  |TAMS 0x0000000782f00000, 0x0000000782f00000| Untracked 
|  48|0x0000000783000000, 0x0000000783000000, 0x0000000783100000|  0%| F|  |TAMS 0x0000000783000000, 0x0000000783000000| Untracked 
|  49|0x0000000783100000, 0x0000000783100000, 0x0000000783200000|  0%| F|  |TAMS 0x0000000783100000, 0x0000000783100000| Untracked 
|  50|0x0000000783200000, 0x0000000783200000, 0x0000000783300000|  0%| F|  |TAMS 0x0000000783200000, 0x0000000783200000| Untracked 
|  51|0x0000000783300000, 0x0000000783300000, 0x0000000783400000|  0%| F|  |TAMS 0x0000000783300000, 0x0000000783300000| Untracked 
|  52|0x0000000783400000, 0x0000000783400000, 0x0000000783500000|  0%| F|  |TAMS 0x0000000783400000, 0x0000000783400000| Untracked 
|  53|0x0000000783500000, 0x0000000783500000, 0x0000000783600000|  0%| F|  |TAMS 0x0000000783500000, 0x0000000783500000| Untracked 
|  54|0x0000000783600000, 0x0000000783600000, 0x0000000783700000|  0%| F|  |TAMS 0x0000000783600000, 0x0000000783600000| Untracked 
|  55|0x0000000783700000, 0x0000000783700000, 0x0000000783800000|  0%| F|  |TAMS 0x0000000783700000, 0x0000000783700000| Untracked 
|  56|0x0000000783800000, 0x0000000783800000, 0x0000000783900000|  0%| F|  |TAMS 0x0000000783800000, 0x0000000783800000| Untracked 
|  57|0x0000000783900000, 0x0000000783900000, 0x0000000783a00000|  0%| F|  |TAMS 0x0000000783900000, 0x0000000783900000| Untracked 
|  58|0x0000000783a00000, 0x0000000783a00000, 0x0000000783b00000|  0%| F|  |TAMS 0x0000000783a00000, 0x0000000783a00000| Untracked 
|  59|0x0000000783b00000, 0x0000000783b00000, 0x0000000783c00000|  0%| F|  |TAMS 0x0000000783b00000, 0x0000000783b00000| Untracked 
|  60|0x0000000783c00000, 0x0000000783c00000, 0x0000000783d00000|  0%| F|  |TAMS 0x0000000783c00000, 0x0000000783c00000| Untracked 
|  61|0x0000000783d00000, 0x0000000783d00000, 0x0000000783e00000|  0%| F|  |TAMS 0x0000000783d00000, 0x0000000783d00000| Untracked 
|  62|0x0000000783e00000, 0x0000000783e00000, 0x0000000783f00000|  0%| F|  |TAMS 0x0000000783e00000, 0x0000000783e00000| Untracked 
|  63|0x0000000783f00000, 0x0000000783f00000, 0x0000000784000000|  0%| F|  |TAMS 0x0000000783f00000, 0x0000000783f00000| Untracked 
|  64|0x0000000784000000, 0x0000000784000000, 0x0000000784100000|  0%| F|  |TAMS 0x0000000784000000, 0x0000000784000000| Untracked 
|  65|0x0000000784100000, 0x0000000784100000, 0x0000000784200000|  0%| F|  |TAMS 0x0000000784100000, 0x0000000784100000| Untracked 
|  66|0x0000000784200000, 0x0000000784200000, 0x0000000784300000|  0%| F|  |TAMS 0x0000000784200000, 0x0000000784200000| Untracked 
|  67|0x0000000784300000, 0x0000000784300000, 0x0000000784400000|  0%| F|  |TAMS 0x0000000784300000, 0x0000000784300000| Untracked 
|  68|0x0000000784400000, 0x0000000784400000, 0x0000000784500000|  0%| F|  |TAMS 0x0000000784400000, 0x0000000784400000| Untracked 
|  69|0x0000000784500000, 0x0000000784500000, 0x0000000784600000|  0%| F|  |TAMS 0x0000000784500000, 0x0000000784500000| Untracked 
|  70|0x0000000784600000, 0x0000000784600000, 0x0000000784700000|  0%| F|  |TAMS 0x0000000784600000, 0x0000000784600000| Untracked 
|  71|0x0000000784700000, 0x0000000784700000, 0x0000000784800000|  0%| F|  |TAMS 0x0000000784700000, 0x0000000784700000| Untracked 
|  72|0x0000000784800000, 0x0000000784800000, 0x0000000784900000|  0%| F|  |TAMS 0x0000000784800000, 0x0000000784800000| Untracked 
|  73|0x0000000784900000, 0x0000000784900000, 0x0000000784a00000|  0%| F|  |TAMS 0x0000000784900000, 0x0000000784900000| Untracked 
|  74|0x0000000784a00000, 0x0000000784a00000, 0x0000000784b00000|  0%| F|  |TAMS 0x0000000784a00000, 0x0000000784a00000| Untracked 
|  75|0x0000000784b00000, 0x0000000784b00000, 0x0000000784c00000|  0%| F|  |TAMS 0x0000000784b00000, 0x0000000784b00000| Untracked 
|  76|0x0000000784c00000, 0x0000000784c00000, 0x0000000784d00000|  0%| F|  |TAMS 0x0000000784c00000, 0x0000000784c00000| Untracked 
|  77|0x0000000784d00000, 0x0000000784d00000, 0x0000000784e00000|  0%| F|  |TAMS 0x0000000784d00000, 0x0000000784d00000| Untracked 
|  78|0x0000000784e00000, 0x0000000784e00000, 0x0000000784f00000|  0%| F|  |TAMS 0x0000000784e00000, 0x0000000784e00000| Untracked 
|  79|0x0000000784f00000, 0x0000000784f00000, 0x0000000785000000|  0%| F|  |TAMS 0x0000000784f00000, 0x0000000784f00000| Untracked 
|  80|0x0000000785000000, 0x0000000785000000, 0x0000000785100000|  0%| F|  |TAMS 0x0000000785000000, 0x0000000785000000| Untracked 
|  81|0x0000000785100000, 0x0000000785100000, 0x0000000785200000|  0%| F|  |TAMS 0x0000000785100000, 0x0000000785100000| Untracked 
|  82|0x0000000785200000, 0x0000000785200000, 0x0000000785300000|  0%| F|  |TAMS 0x0000000785200000, 0x0000000785200000| Untracked 
|  83|0x0000000785300000, 0x0000000785300000, 0x0000000785400000|  0%| F|  |TAMS 0x0000000785300000, 0x0000000785300000| Untracked 
|  84|0x0000000785400000, 0x0000000785400000, 0x0000000785500000|  0%| F|  |TAMS 0x0000000785400000, 0x0000000785400000| Untracked 
|  85|0x0000000785500000, 0x00000007855b85b8, 0x0000000785600000| 72%| S|CS|TAMS 0x0000000785500000, 0x0000000785500000| Complete 
|  86|0x0000000785600000, 0x0000000785700000, 0x0000000785700000|100%| S|CS|TAMS 0x0000000785600000, 0x0000000785600000| Complete 
|  87|0x0000000785700000, 0x0000000785800000, 0x0000000785800000|100%| S|CS|TAMS 0x0000000785700000, 0x0000000785700000| Complete 
|  88|0x0000000785800000, 0x0000000785900000, 0x0000000785900000|100%| S|CS|TAMS 0x0000000785800000, 0x0000000785800000| Complete 
|  89|0x0000000785900000, 0x0000000785a00000, 0x0000000785a00000|100%| S|CS|TAMS 0x0000000785900000, 0x0000000785900000| Complete 
|  90|0x0000000785a00000, 0x0000000785b00000, 0x0000000785b00000|100%| S|CS|TAMS 0x0000000785a00000, 0x0000000785a00000| Complete 
|  91|0x0000000785b00000, 0x0000000785c00000, 0x0000000785c00000|100%| S|CS|TAMS 0x0000000785b00000, 0x0000000785b00000| Complete 
|  92|0x0000000785c00000, 0x0000000785c00000, 0x0000000785d00000|  0%| F|  |TAMS 0x0000000785c00000, 0x0000000785c00000| Untracked 
|  93|0x0000000785d00000, 0x0000000785d00000, 0x0000000785e00000|  0%| F|  |TAMS 0x0000000785d00000, 0x0000000785d00000| Untracked 
|  94|0x0000000785e00000, 0x0000000785e00000, 0x0000000785f00000|  0%| F|  |TAMS 0x0000000785e00000, 0x0000000785e00000| Untracked 
|  95|0x0000000785f00000, 0x0000000785f00000, 0x0000000786000000|  0%| F|  |TAMS 0x0000000785f00000, 0x0000000785f00000| Untracked 
|  96|0x0000000786000000, 0x0000000786000000, 0x0000000786100000|  0%| F|  |TAMS 0x0000000786000000, 0x0000000786000000| Untracked 
|  97|0x0000000786100000, 0x0000000786100000, 0x0000000786200000|  0%| F|  |TAMS 0x0000000786100000, 0x0000000786100000| Untracked 
|  98|0x0000000786200000, 0x0000000786200000, 0x0000000786300000|  0%| F|  |TAMS 0x0000000786200000, 0x0000000786200000| Untracked 
|  99|0x0000000786300000, 0x0000000786300000, 0x0000000786400000|  0%| F|  |TAMS 0x0000000786300000, 0x0000000786300000| Untracked 
| 100|0x0000000786400000, 0x0000000786400000, 0x0000000786500000|  0%| F|  |TAMS 0x0000000786400000, 0x0000000786400000| Untracked 
| 101|0x0000000786500000, 0x0000000786500000, 0x0000000786600000|  0%| F|  |TAMS 0x0000000786500000, 0x0000000786500000| Untracked 
| 102|0x0000000786600000, 0x0000000786600000, 0x0000000786700000|  0%| F|  |TAMS 0x0000000786600000, 0x0000000786600000| Untracked 
| 103|0x0000000786700000, 0x0000000786700000, 0x0000000786800000|  0%| F|  |TAMS 0x0000000786700000, 0x0000000786700000| Untracked 
| 104|0x0000000786800000, 0x0000000786800000, 0x0000000786900000|  0%| F|  |TAMS 0x0000000786800000, 0x0000000786800000| Untracked 
| 105|0x0000000786900000, 0x0000000786900000, 0x0000000786a00000|  0%| F|  |TAMS 0x0000000786900000, 0x0000000786900000| Untracked 
| 106|0x0000000786a00000, 0x0000000786a00000, 0x0000000786b00000|  0%| F|  |TAMS 0x0000000786a00000, 0x0000000786a00000| Untracked 
| 107|0x0000000786b00000, 0x0000000786b00000, 0x0000000786c00000|  0%| F|  |TAMS 0x0000000786b00000, 0x0000000786b00000| Untracked 
| 108|0x0000000786c00000, 0x0000000786c00000, 0x0000000786d00000|  0%| F|  |TAMS 0x0000000786c00000, 0x0000000786c00000| Untracked 
| 109|0x0000000786d00000, 0x0000000786d00000, 0x0000000786e00000|  0%| F|  |TAMS 0x0000000786d00000, 0x0000000786d00000| Untracked 
| 110|0x0000000786e00000, 0x0000000786e00000, 0x0000000786f00000|  0%| F|  |TAMS 0x0000000786e00000, 0x0000000786e00000| Untracked 
| 111|0x0000000786f00000, 0x0000000786f00000, 0x0000000787000000|  0%| F|  |TAMS 0x0000000786f00000, 0x0000000786f00000| Untracked 
| 112|0x0000000787000000, 0x0000000787000000, 0x0000000787100000|  0%| F|  |TAMS 0x0000000787000000, 0x0000000787000000| Untracked 
| 113|0x0000000787100000, 0x0000000787100000, 0x0000000787200000|  0%| F|  |TAMS 0x0000000787100000, 0x0000000787100000| Untracked 
| 114|0x0000000787200000, 0x0000000787200000, 0x0000000787300000|  0%| F|  |TAMS 0x0000000787200000, 0x0000000787200000| Untracked 
| 115|0x0000000787300000, 0x0000000787300000, 0x0000000787400000|  0%| F|  |TAMS 0x0000000787300000, 0x0000000787300000| Untracked 
| 116|0x0000000787400000, 0x000000078744c750, 0x0000000787500000| 29%| E|  |TAMS 0x0000000787400000, 0x0000000787400000| Complete 
| 117|0x0000000787500000, 0x0000000787600000, 0x0000000787600000|100%| E|CS|TAMS 0x0000000787500000, 0x0000000787500000| Complete 
| 118|0x0000000787600000, 0x0000000787700000, 0x0000000787700000|100%| E|CS|TAMS 0x0000000787600000, 0x0000000787600000| Complete 
| 119|0x0000000787700000, 0x0000000787800000, 0x0000000787800000|100%| E|CS|TAMS 0x0000000787700000, 0x0000000787700000| Complete 
| 120|0x0000000787800000, 0x0000000787900000, 0x0000000787900000|100%| E|CS|TAMS 0x0000000787800000, 0x0000000787800000| Complete 
| 121|0x0000000787900000, 0x0000000787a00000, 0x0000000787a00000|100%| E|CS|TAMS 0x0000000787900000, 0x0000000787900000| Complete 
| 122|0x0000000787a00000, 0x0000000787b00000, 0x0000000787b00000|100%| E|CS|TAMS 0x0000000787a00000, 0x0000000787a00000| Complete 
| 123|0x0000000787b00000, 0x0000000787c00000, 0x0000000787c00000|100%| E|CS|TAMS 0x0000000787b00000, 0x0000000787b00000| Complete 
| 124|0x0000000787c00000, 0x0000000787d00000, 0x0000000787d00000|100%| E|CS|TAMS 0x0000000787c00000, 0x0000000787c00000| Complete 
| 125|0x0000000787d00000, 0x0000000787e00000, 0x0000000787e00000|100%| E|CS|TAMS 0x0000000787d00000, 0x0000000787d00000| Complete 
| 126|0x0000000787e00000, 0x0000000787f00000, 0x0000000787f00000|100%| E|CS|TAMS 0x0000000787e00000, 0x0000000787e00000| Complete 
| 127|0x0000000787f00000, 0x0000000788000000, 0x0000000788000000|100%| E|CS|TAMS 0x0000000787f00000, 0x0000000787f00000| Complete 

Card table byte_map: [0x000000010cd4b000,0x000000010d14b000] _byte_map_base: 0x000000010914b000

Marking Bits (Prev, Next): (CMBitMap*) 0x00007f87fe032850, (CMBitMap*) 0x00007f87fe032818
 Prev Bits: [0x0000000128aa4000, 0x000000012aaa4000)
 Next Bits: [0x000000010e512000, 0x0000000110512000)

Polling page: 0x000000010c6c5000

Metaspace:

Usage:
  Non-class:     19.10 MB capacity,    18.73 MB ( 98%) used,   298.71 KB (  2%) free+waste,    78.06 KB ( <1%) overhead. 
      Class:      2.79 MB capacity,     2.49 MB ( 89%) used,   267.73 KB (  9%) free+waste,    39.69 KB (  1%) overhead. 
       Both:     21.89 MB capacity,    21.22 MB ( 97%) used,   566.44 KB (  3%) free+waste,   117.75 KB ( <1%) overhead. 

Virtual space:
  Non-class space:       20.00 MB reserved,      19.25 MB ( 96%) committed 
      Class space:        1.00 GB reserved,       2.88 MB ( <1%) committed 
             Both:        1.02 GB reserved,      22.12 MB (  2%) committed 

Chunk freelists:
   Non-Class:  11.12 KB
       Class:  2.75 KB
        Both:  13.88 KB

CodeHeap 'non-profiled nmethods': size=120032Kb used=904Kb max_used=904Kb free=119127Kb
 bounds [0x000000012156c000, 0x00000001217dc000, 0x0000000128aa4000]
CodeHeap 'profiled nmethods': size=120032Kb used=4555Kb max_used=4555Kb free=115476Kb
 bounds [0x000000011a034000, 0x000000011a4b4000, 0x000000012156c000]
CodeHeap 'non-nmethods': size=5696Kb used=1312Kb max_used=1336Kb free=4383Kb
 bounds [0x0000000119aa4000, 0x0000000119d14000, 0x000000011a034000]
 total_blobs=3606 nmethods=2408 adapters=650
 compilation: enabled
              stopped_count=0, restarted_count=0
 full_count=0

Compilation events (10 events):
Event: 149.399 Thread 0x00007f87fe82e800 2407       3       java.util.concurrent.locks.AbstractQueuedSynchronizer$Node::predecessor (19 bytes)
Event: 149.399 Thread 0x00007f87fe06b800 2410 %     4       com.sun.marlin.DRenderer::_endRendering @ 763 (2473 bytes)
Event: 149.399 Thread 0x00007f87fe82e800 nmethod 2407 0x000000011a4a6190 code [0x000000011a4a6360, 0x000000011a4a65c8]
Event: 149.399 Thread 0x00007f87fe82e800 2409       1       com.sun.prism.impl.BaseGraphics::setHasPreCullingBits (6 bytes)
Event: 149.400 Thread 0x00007f87fe82e800 nmethod 2409 0x0000000121647e90 code [0x0000000121648040, 0x0000000121648150]
Event: 149.549 Thread 0x00007f87fe06b800 nmethod 2410% 0x0000000121648210 code [0x0000000121648480, 0x000000012164b588]
Event: 150.466 Thread 0x00007f87fe82e800 2411       3       javafx.scene.input.MouseEvent::copyFor (17 bytes)
Event: 150.466 Thread 0x00007f87fe82e800 nmethod 2411 0x000000011a4a6690 code [0x000000011a4a6860, 0x000000011a4a6ae8]
Event: 151.650 Thread 0x00007f87fe82e800 2412       3       com.sun.javafx.util.Utils::assertionEnabled (24 bytes)
Event: 151.651 Thread 0x00007f87fe82e800 nmethod 2412 0x000000011a4a6c10 code [0x000000011a4a6dc0, 0x000000011a4a6f10]

GC Heap History (4 events):
Event: 1.941 GC heap before
{Heap before GC invocations=0 (full 0):
 garbage-first heap   total 131072K, used 14336K [0x0000000780000000, 0x0000000800000000)
  region size 1024K, 14 young (14336K), 0 survivors (0K)
 Metaspace       used 9275K, capacity 9609K, committed 9856K, reserved 1058816K
  class space    used 932K, capacity 1081K, committed 1152K, reserved 1048576K
}
Event: 1.953 GC heap after
{Heap after GC invocations=1 (full 0):
 garbage-first heap   total 131072K, used 1862K [0x0000000780000000, 0x0000000800000000)
  region size 1024K, 2 young (2048K), 2 survivors (2048K)
 Metaspace       used 9275K, capacity 9609K, committed 9856K, reserved 1058816K
  class space    used 932K, capacity 1081K, committed 1152K, reserved 1048576K
}
Event: 4.725 GC heap before
{Heap before GC invocations=1 (full 0):
 garbage-first heap   total 131072K, used 34630K [0x0000000780000000, 0x0000000800000000)
  region size 1024K, 36 young (36864K), 2 survivors (2048K)
 Metaspace       used 20440K, capacity 21110K, committed 21248K, reserved 1067008K
  class space    used 2455K, capacity 2763K, committed 2816K, reserved 1048576K
}
Event: 4.749 GC heap after
{Heap after GC invocations=2 (full 0):
 garbage-first heap   total 131072K, used 6881K [0x0000000780000000, 0x0000000800000000)
  region size 1024K, 7 young (7168K), 7 survivors (7168K)
 Metaspace       used 20440K, capacity 21110K, committed 21248K, reserved 1067008K
  class space    used 2455K, capacity 2763K, committed 2816K, reserved 1048576K
}

Deoptimization events (10 events):
Event: 3.710 Thread 0x00007f87ff21f000 Uncommon trap: reason=class_check action=maybe_recompile pc=0x000000012157bee4 method=java.lang.String.equals(Ljava/lang/Object;)Z @ 8 c2
Event: 3.710 Thread 0x00007f87ff21f000 Uncommon trap: reason=class_check action=maybe_recompile pc=0x000000012157bee4 method=java.lang.String.equals(Ljava/lang/Object;)Z @ 8 c2
Event: 3.710 Thread 0x00007f87ff21f000 Uncommon trap: reason=class_check action=maybe_recompile pc=0x000000012157bee4 method=java.lang.String.equals(Ljava/lang/Object;)Z @ 8 c2
Event: 3.715 Thread 0x00007f87ff21f000 Uncommon trap: reason=class_check action=maybe_recompile pc=0x000000012157bee4 method=java.lang.String.equals(Ljava/lang/Object;)Z @ 8 c2
Event: 4.335 Thread 0x00007f87ff21f000 Uncommon trap: reason=unstable_if action=reinterpret pc=0x00000001215771e4 method=java.lang.CharacterData.of(I)Ljava/lang/CharacterData; @ 4 c2
Event: 4.337 Thread 0x00007f87ff21f000 Uncommon trap: reason=unstable_if action=reinterpret pc=0x0000000121574c78 method=java.lang.String.isLatin1()Z @ 10 c2
Event: 4.341 Thread 0x00007f87ff21f000 Uncommon trap: reason=unstable_if action=reinterpret pc=0x0000000121576c20 method=java.lang.String.isLatin1()Z @ 10 c2
Event: 4.341 Thread 0x00007f87ff21f000 Uncommon trap: reason=unstable_if action=reinterpret pc=0x00000001215e68d8 method=java.lang.String.equals(Ljava/lang/Object;)Z @ 34 c2
Event: 4.788 Thread 0x00007f87fe87c000 Uncommon trap: reason=intrinsic_or_type_checked_inlining action=make_not_entrant pc=0x00000001215e6cec method=java.util.Arrays.copyOf([Ljava/lang/Object;ILjava/lang/Class;)[Ljava/lang/Object; @ 35 c2
Event: 4.885 Thread 0x00007f87fe87c000 Uncommon trap: reason=unstable_if action=reinterpret pc=0x00000001215e8a08 method=java.lang.invoke.LambdaForm$BasicType.basicType(C)Ljava/lang/invoke/LambdaForm$BasicType; @ 1 c2

Classes redefined (0 events):
No events

Internal exceptions (10 events):
Event: 2.996 Thread 0x00007f87ff21f000 Exception <a 'java/lang/NoSuchMethodError'{0x0000000786983e40}: java.lang.invoke.DirectMethodHandle$Holder.invokeStaticInit(Ljava/lang/Object;Ljava/lang/Object;)V> (0x0000000786983e40) thrown at [/scratch/mesos/slaves/62fa45a9-5cd4-454d-8a8a-6602ff6286e3-
Event: 3.171 Thread 0x00007f87ff21f000 Implicit null exception at 0x00000001215d0195 to 0x00000001215d0392
Event: 3.171 Thread 0x00007f87ff21f000 Implicit null exception at 0x00000001215a5378 to 0x00000001215a5406
Event: 3.207 Thread 0x00007f87ff21f000 Implicit null exception at 0x000000012158682f to 0x00000001215868a9
Event: 3.578 Thread 0x00007f87ff21f000 Exception <a 'java/io/FileNotFoundException'{0x00000007862855d8}> (0x00000007862855d8) thrown at [/scratch/mesos/slaves/62fa45a9-5cd4-454d-8a8a-6602ff6286e3-S178/frameworks/1735e8a2-a1db-478c-8104-60c8b0af87dd-0196/executors/d499fc30-2fcc-4cd1-a8a8-89674f
Event: 3.697 Thread 0x00007f87ff21f000 Exception <a 'java/io/FileNotFoundException'{0x0000000786179820}> (0x0000000786179820) thrown at [/scratch/mesos/slaves/62fa45a9-5cd4-454d-8a8a-6602ff6286e3-S178/frameworks/1735e8a2-a1db-478c-8104-60c8b0af87dd-0196/executors/d499fc30-2fcc-4cd1-a8a8-89674f
Event: 4.351 Thread 0x00007f87ff21f000 Exception <a 'java/lang/NoSuchMethodError'{0x00000007860e8870}: java.lang.invoke.Invokers$Holder.linkToTargetMethod(Ljava/lang/Object;ILjava/lang/Object;)Ljava/lang/Object;> (0x00000007860e8870) thrown at [/scratch/mesos/slaves/62fa45a9-5cd4-454d-8a8a-660
Event: 4.391 Thread 0x00007f87ff21f000 Exception <a 'java/lang/NoSuchMethodError'{0x0000000785fa3420}: java.lang.invoke.DirectMethodHandle$Holder.invokeInterface(Ljava/lang/Object;Ljava/lang/Object;Ljava/lang/Object;)Ljava/lang/Object;> (0x0000000785fa3420) thrown at [/scratch/mesos/slaves/62f
Event: 4.391 Thread 0x00007f87ff21f000 Exception <a 'java/lang/IncompatibleClassChangeError'{0x0000000785fa65d8}: Found class java.lang.Object, but interface was expected> (0x0000000785fa65d8) thrown at [/scratch/mesos/slaves/62fa45a9-5cd4-454d-8a8a-6602ff6286e3-S178/frameworks/1735e8a2-a1db-4
Event: 4.768 Thread 0x00007f87fe87c000 Exception <a 'java/lang/NoSuchMethodError'{0x0000000787fadf98}: java.lang.invoke.DirectMethodHandle$Holder.invokeStaticInit(Ljava/lang/Object;Ljava/lang/Object;)I> (0x0000000787fadf98) thrown at [/scratch/mesos/slaves/62fa45a9-5cd4-454d-8a8a-6602ff6286e3-

Events (10 events):
Event: 132.929 Thread 0x00007f87fe09c800 Thread exited: 0x00007f87fe09c800
Event: 141.896 Thread 0x00007f8800175800 Thread added: 0x00007f8800175800
Event: 142.180 Thread 0x00007f8800175800 Thread exited: 0x00007f8800175800
Event: 143.146 Thread 0x00007f87fea78000 Thread added: 0x00007f87fea78000
Event: 143.431 Thread 0x00007f87fea78000 Thread exited: 0x00007f87fea78000
Event: 148.347 Thread 0x00007f87fe09c800 Thread added: 0x00007f87fe09c800
Event: 148.647 Thread 0x00007f87fe09c800 Thread exited: 0x00007f87fe09c800
Event: 149.397 Thread 0x00007f87fea78000 Thread added: 0x00007f87fea78000
Event: 149.681 Thread 0x00007f87fea78000 Thread exited: 0x00007f87fea78000
Event: 151.647 Thread 0x00007f87fe09c800 Thread added: 0x00007f87fe09c800


Dynamic libraries:
0x00007ff83617e000 	/System/Library/Frameworks/Cocoa.framework/Versions/A/Cocoa
0x00007ff821dcb000 	/System/Library/Frameworks/AppKit.framework/Versions/C/AppKit
0x00007ff8252e2000 	/System/Library/Frameworks/CoreData.framework/Versions/A/CoreData
0x00007ff8201ce000 	/System/Library/Frameworks/Foundation.framework/Versions/C/Foundation
0x00007ff82a105000 	/usr/lib/libSystem.B.dylib
0x00007ff822c5b000 	/System/Library/PrivateFrameworks/UIFoundation.framework/Versions/A/UIFoundation
0x00007ff83007b000 	/System/Library/PrivateFrameworks/RemoteViewServices.framework/Versions/A/RemoteViewServices
0x00007ff828359000 	/System/Library/PrivateFrameworks/XCTTargetBootstrap.framework/Versions/A/XCTTargetBootstrap
0x00007ff82bf11000 	/System/Library/PrivateFrameworks/InternationalSupport.framework/Versions/A/InternationalSupport
0x00007ff82bf9b000 	/System/Library/PrivateFrameworks/UserActivity.framework/Versions/A/UserActivity
0x00007ff82b2ed000 	/usr/lib/libspindump.dylib
0x00007ff822eea000 	/System/Library/Frameworks/UniformTypeIdentifiers.framework/Versions/A/UniformTypeIdentifiers
0x00007ff826a7d000 	/usr/lib/libapp_launch_measurement.dylib
0x00007ff825cb4000 	/System/Library/PrivateFrameworks/CoreAnalytics.framework/Versions/A/CoreAnalytics
0x00007ff826a80000 	/System/Library/PrivateFrameworks/CoreAutoLayout.framework/Versions/A/CoreAutoLayout
0x00007ff827cb0000 	/System/Library/Frameworks/Metal.framework/Versions/A/Metal
0x00007ff8289df000 	/usr/lib/liblangid.dylib
0x00007ff82835e000 	/System/Library/PrivateFrameworks/CoreSVG.framework/Versions/A/CoreSVG
0x00007ff8242d6000 	/System/Library/PrivateFrameworks/SkyLight.framework/Versions/A/SkyLight
0x00007ff824675000 	/System/Library/Frameworks/CoreGraphics.framework/Versions/A/CoreGraphics
0x00007ff83073b000 	/System/Library/Frameworks/Accelerate.framework/Versions/A/Accelerate
0x00007ff82ad6c000 	/System/Library/PrivateFrameworks/IconServices.framework/Versions/A/IconServices
0x00007ff827c95000 	/System/Library/Frameworks/IOSurface.framework/Versions/A/IOSurface
0x00007ff825ce2000 	/usr/lib/libDiagnosticMessagesClient.dylib
0x00007ff82a025000 	/usr/lib/libz.1.dylib
0x00007ff833e22000 	/System/Library/Frameworks/ApplicationServices.framework/Versions/A/ApplicationServices
0x00007ff828345000 	/System/Library/PrivateFrameworks/DFRFoundation.framework/Versions/A/DFRFoundation
0x00007ff8216b3000 	/usr/lib/libicucore.A.dylib
0x00007ff82cd07000 	/System/Library/Frameworks/AudioToolbox.framework/Versions/A/AudioToolbox
0x00007ff82bf1d000 	/System/Library/PrivateFrameworks/DataDetectorsCore.framework/Versions/A/DataDetectorsCore
0x00007ff928419000 	/System/Library/PrivateFrameworks/TextInput.framework/Versions/A/TextInput
0x00007ff824259000 	/usr/lib/libMobileGestalt.dylib
0x00007ff828051000 	/System/Library/Frameworks/Carbon.framework/Versions/A/Frameworks/HIToolbox.framework/Versions/A/HIToolbox
0x00007ff82647f000 	/System/Library/Frameworks/QuartzCore.framework/Versions/A/QuartzCore
0x00007ff821358000 	/System/Library/Frameworks/Security.framework/Versions/A/Security
0x00007ff8300b3000 	/System/Library/Frameworks/Carbon.framework/Versions/A/Frameworks/SpeechRecognition.framework/Versions/A/SpeechRecognition
0x00007ff8267dd000 	/System/Library/PrivateFrameworks/CoreUI.framework/Versions/A/CoreUI
0x00007ff820c22000 	/System/Library/Frameworks/CoreAudio.framework/Versions/A/CoreAudio
0x00007ff825dd1000 	/System/Library/Frameworks/DiskArbitration.framework/Versions/A/DiskArbitration
0x00007ff82b6dd000 	/System/Library/PrivateFrameworks/MultitouchSupport.framework/Versions/A/MultitouchSupport
0x00007ff824258000 	/usr/lib/libenergytrace.dylib
0x00007ff821cb7000 	/System/Library/Frameworks/IOKit.framework/Versions/A/IOKit
0x00007ff8304a3000 	/System/Library/Frameworks/CoreServices.framework/Versions/A/CoreServices
0x00007ff826a17000 	/System/Library/PrivateFrameworks/PerformanceAnalysis.framework/Versions/A/PerformanceAnalysis
0x00007ffa380f8000 	/System/Library/Frameworks/OpenGL.framework/Versions/A/OpenGL
0x00007ff829641000 	/System/Library/PrivateFrameworks/MobileKeyBag.framework/Versions/A/MobileKeyBag
0x00007ff81f198000 	/usr/lib/libobjc.A.dylib
0x00007ff824d41000 	/System/Library/Frameworks/ColorSync.framework/Versions/A/ColorSync
0x00007ff81f352000 	/System/Library/Frameworks/CoreFoundation.framework/Versions/A/CoreFoundation
0x00007ff8285d5000 	/System/Library/Frameworks/CoreImage.framework/Versions/A/CoreImage
0x00007ff820a36000 	/System/Library/Frameworks/CoreText.framework/Versions/A/CoreText
0x00007ff82838e000 	/System/Library/Frameworks/ImageIO.framework/Versions/A/ImageIO
0x00007ff82a10b000 	/System/Library/PrivateFrameworks/SoftLinking.framework/Versions/A/SoftLinking
0x00007ff826ac8000 	/usr/lib/libxml2.2.dylib
0x00007ff81f25e000 	/usr/lib/libc++.1.dylib
0x00007ff82a38f000 	/usr/lib/libcompression.dylib
0x00007ff82be44000 	/System/Library/PrivateFrameworks/TextureIO.framework/Versions/A/TextureIO
0x00007ff82aa7d000 	/usr/lib/libate.dylib
0x00007ff82a100000 	/usr/lib/system/libcache.dylib
0x00007ff82a0bc000 	/usr/lib/system/libcommonCrypto.dylib
0x00007ff82a0e5000 	/usr/lib/system/libcompiler_rt.dylib
0x00007ff82a0db000 	/usr/lib/system/libcopyfile.dylib
0x00007ff81f093000 	/usr/lib/system/libcorecrypto.dylib
0x00007ff81f151000 	/usr/lib/system/libdispatch.dylib
0x00007ff81f311000 	/usr/lib/system/libdyld.dylib
0x00007ff82a0f7000 	/usr/lib/system/libkeymgr.dylib
0x00007ff82a09a000 	/usr/lib/system/libmacho.dylib
0x00007ff82971b000 	/usr/lib/system/libquarantine.dylib
0x00007ff82a0f5000 	/usr/lib/system/libremovefile.dylib
0x00007ff8242a6000 	/usr/lib/system/libsystem_asl.dylib
0x00007ff81f03c000 	/usr/lib/system/libsystem_blocks.dylib
0x00007ff81f1d5000 	/usr/lib/system/libsystem_c.dylib
0x00007ff82a0ed000 	/usr/lib/system/libsystem_collections.dylib
0x00007ff8289cf000 	/usr/lib/system/libsystem_configuration.dylib
0x00007ff827c78000 	/usr/lib/system/libsystem_containermanager.dylib
0x00007ff829dd2000 	/usr/lib/system/libsystem_coreservices.dylib
0x00007ff821947000 	/usr/lib/system/libsystem_darwin.dylib
0x00007ff82a0f8000 	/usr/lib/system/libsystem_dnssd.dylib
0x00007ff81f1d2000 	/usr/lib/system/libsystem_featureflags.dylib
0x00007ff81f327000 	/usr/lib/system/libsystem_info.dylib
0x00007ff82a038000 	/usr/lib/system/libsystem_m.dylib
0x00007ff81f125000 	/usr/lib/system/libsystem_malloc.dylib
0x00007ff824241000 	/usr/lib/system/libsystem_networkextension.dylib
0x00007ff821d6d000 	/usr/lib/system/libsystem_notify.dylib
0x00007ff830378000 	/usr/lib/system/libsystem_product_info_filter.dylib
0x00007ff8289d3000 	/usr/lib/system/libsystem_sandbox.dylib
0x00007ff82a0f2000 	/usr/lib/system/libsystem_secinit.dylib
0x00007ff81f2cd000 	/usr/lib/system/libsystem_kernel.dylib
0x00007ff81f31d000 	/usr/lib/system/libsystem_platform.dylib
0x00007ff81f305000 	/usr/lib/system/libsystem_pthread.dylib
0x00007ff825af4000 	/usr/lib/system/libsystem_symptoms.dylib
0x00007ff81f07a000 	/usr/lib/system/libsystem_trace.dylib
0x00007ff82a0c8000 	/usr/lib/system/libunwind.dylib
0x00007ff81f03e000 	/usr/lib/system/libxpc.dylib
0x00007ff81f2b7000 	/usr/lib/libc++abi.dylib
0x00007ff82a0d3000 	/usr/lib/liboah.dylib
0x00007ff82a859000 	/usr/lib/liblzma.5.dylib
0x00007ff81fee0000 	/System/Library/Frameworks/SystemConfiguration.framework/Versions/A/SystemConfiguration
0x00007ff82a107000 	/usr/lib/libfakelink.dylib
0x00007ff823db1000 	/System/Library/Frameworks/CFNetwork.framework/Versions/A/CFNetwork
0x00007ff82a248000 	/usr/lib/libarchive.2.dylib
0x00007ff8289db000 	/System/Library/PrivateFrameworks/AppleSystemInfo.framework/Versions/A/AppleSystemInfo
0x00007ff829742000 	/usr/lib/libbsm.0.dylib
0x00007ff8233c0000 	/usr/lib/libnetwork.dylib
0x00007ff82a0a0000 	/usr/lib/system/libkxld.dylib
0x00007ff829375000 	/System/Library/PrivateFrameworks/IOMobileFramebuffer.framework/Versions/A/IOMobileFramebuffer
0x00007ffb37ad3000 	/usr/lib/libCoreEntitlements.dylib
0x00007ff829db4000 	/System/Library/PrivateFrameworks/AppleFSCompression.framework/Versions/A/AppleFSCompression
0x00007ff82972a000 	/usr/lib/libcoretls.dylib
0x00007ff82a873000 	/usr/lib/libcoretls_cfhelpers.dylib
0x00007ff82a38a000 	/usr/lib/libpam.2.dylib
0x00007ff825713000 	/usr/lib/libsqlite3.dylib
0x00007ff82a8e2000 	/usr/lib/libxar.1.dylib
0x00007ff829dc4000 	/usr/lib/libbz2.1.0.dylib
0x00007ff82a10c000 	/usr/lib/libpcap.A.dylib
0x00007ff825aec000 	/usr/lib/libdns_services.dylib
0x00007ff82a35a000 	/usr/lib/libapple_nghttp2.dylib
0x00007ff82a146000 	/usr/lib/libiconv.2.dylib
0x00007ff82a099000 	/usr/lib/libcharset.1.dylib
0x00007ff826a4b000 	/System/Library/Frameworks/CoreServices.framework/Versions/A/Frameworks/FSEvents.framework/Versions/A/FSEvents
0x00007ff821951000 	/System/Library/Frameworks/CoreServices.framework/Versions/A/Frameworks/CarbonCore.framework/Versions/A/CarbonCore
0x00007ff825d35000 	/System/Library/Frameworks/CoreServices.framework/Versions/A/Frameworks/Metadata.framework/Versions/A/Metadata
0x00007ff829dd7000 	/System/Library/Frameworks/CoreServices.framework/Versions/A/Frameworks/OSServices.framework/Versions/A/OSServices
0x00007ff82a2cf000 	/System/Library/Frameworks/CoreServices.framework/Versions/A/Frameworks/SearchKit.framework/Versions/A/SearchKit
0x00007ff825a7e000 	/System/Library/Frameworks/CoreServices.framework/Versions/A/Frameworks/AE.framework/Versions/A/AE
0x00007ff81f855000 	/System/Library/Frameworks/CoreServices.framework/Versions/A/Frameworks/LaunchServices.framework/Versions/A/LaunchServices
0x00007ff82a80a000 	/System/Library/Frameworks/CoreServices.framework/Versions/A/Frameworks/DictionaryServices.framework/Versions/A/DictionaryServices
0x00007ff826a58000 	/System/Library/Frameworks/CoreServices.framework/Versions/A/Frameworks/SharedFileList.framework/Versions/A/SharedFileList
0x00007ff82971e000 	/usr/lib/libCheckFix.dylib
0x00007ff8242bd000 	/System/Library/PrivateFrameworks/TCC.framework/Versions/A/TCC
0x00007ff8289e1000 	/System/Library/PrivateFrameworks/CoreNLP.framework/Versions/A/CoreNLP
0x00007ff825ce5000 	/System/Library/PrivateFrameworks/MetadataUtilities.framework/Versions/A/MetadataUtilities
0x00007ff81ff91000 	/usr/lib/libmecabra.dylib
0x00007ff829752000 	/usr/lib/libmecab.dylib
0x00007ff81ff5c000 	/usr/lib/libCRFSuite.dylib
0x00007ff8297ac000 	/usr/lib/libgermantok.dylib
0x00007ff82a335000 	/usr/lib/libThaiTokenizer.dylib
0x00007ff825dd8000 	/System/Library/Frameworks/Accelerate.framework/Versions/A/Frameworks/vImage.framework/Versions/A/vImage
0x00007ff83047a000 	/System/Library/Frameworks/Accelerate.framework/Versions/A/Frameworks/vecLib.framework/Versions/A/vecLib
0x00007ff82a923000 	/System/Library/Frameworks/Accelerate.framework/Versions/A/Frameworks/vecLib.framework/Versions/A/libvMisc.dylib
0x00007ff8291a0000 	/System/Library/Frameworks/Accelerate.framework/Versions/A/Frameworks/vecLib.framework/Versions/A/libvDSP.dylib
0x00007ff81fbd0000 	/System/Library/Frameworks/Accelerate.framework/Versions/A/Frameworks/vecLib.framework/Versions/A/libBLAS.dylib
0x00007ff82a46c000 	/System/Library/Frameworks/Accelerate.framework/Versions/A/Frameworks/vecLib.framework/Versions/A/libLAPACK.dylib
0x00007ff8297af000 	/System/Library/Frameworks/Accelerate.framework/Versions/A/Frameworks/vecLib.framework/Versions/A/libLinearAlgebra.dylib
0x00007ff82a372000 	/System/Library/Frameworks/Accelerate.framework/Versions/A/Frameworks/vecLib.framework/Versions/A/libSparseBLAS.dylib
0x00007ff82a466000 	/System/Library/Frameworks/Accelerate.framework/Versions/A/Frameworks/vecLib.framework/Versions/A/libQuadrature.dylib
0x00007ff828acc000 	/System/Library/Frameworks/Accelerate.framework/Versions/A/Frameworks/vecLib.framework/Versions/A/libBNNS.dylib
0x00007ff81fe6a000 	/System/Library/Frameworks/Accelerate.framework/Versions/A/Frameworks/vecLib.framework/Versions/A/libSparse.dylib
0x00007ff828ac5000 	/System/Library/PrivateFrameworks/LinguisticData.framework/Versions/A/LinguisticData
0x00007ff81fe20000 	/System/Library/PrivateFrameworks/Lexicon.framework/Versions/A/Lexicon
0x00007ff82a91c000 	/usr/lib/libChineseTokenizer.dylib
0x00007ff82058b000 	/System/Library/PrivateFrameworks/LanguageModeling.framework/Versions/A/LanguageModeling
0x00007ff82a337000 	/System/Library/PrivateFrameworks/AppleSauce.framework/Versions/A/AppleSauce
0x00007ff829363000 	/System/Library/PrivateFrameworks/CoreEmoji.framework/Versions/A/CoreEmoji
0x00007ff82a237000 	/usr/lib/libcmph.dylib
0x00007ff826a2f000 	/System/Library/Frameworks/OpenDirectory.framework/Versions/A/Frameworks/CFOpenDirectory.framework/Versions/A/CFOpenDirectory
0x00007ff826a23000 	/System/Library/Frameworks/OpenDirectory.framework/Versions/A/OpenDirectory
0x00007ff82a875000 	/System/Library/PrivateFrameworks/APFS.framework/Versions/A/APFS
0x00007ff829679000 	/System/Library/Frameworks/SecurityFoundation.framework/Versions/A/SecurityFoundation
0x00007ff82a8f0000 	/usr/lib/libutil.dylib
0x00007ff821c7b000 	/System/Library/PrivateFrameworks/CoreServicesStore.framework/Versions/A/CoreServicesStore
0x00007ff82a8f4000 	/usr/lib/libxslt.1.dylib
0x00007ff829706000 	/System/Library/PrivateFrameworks/BackgroundTaskManagement.framework/Versions/A/BackgroundTaskManagement
0x00007ff82bd64000 	/System/Library/Frameworks/ImageIO.framework/Versions/A/Resources/libRadiance.dylib
0x00007ff82bd6d000 	/System/Library/Frameworks/ImageIO.framework/Versions/A/Resources/libJPEG.dylib
0x00007ff82bcbc000 	/System/Library/Frameworks/ImageIO.framework/Versions/A/Resources/libPng.dylib
0x00007ff82bcdd000 	/System/Library/Frameworks/ImageIO.framework/Versions/A/Resources/libTIFF.dylib
0x00007ff82bdcd000 	/System/Library/Frameworks/ImageIO.framework/Versions/A/Resources/libGIF.dylib
0x00007ff82b5f7000 	/System/Library/Frameworks/ImageIO.framework/Versions/A/Resources/libJP2.dylib
0x00007ff82ad32000 	/usr/lib/libexpat.1.dylib
0x00007ff82b5ac000 	/System/Library/PrivateFrameworks/AppleJPEG.framework/Versions/A/AppleJPEG
0x00007ff827f15000 	/System/Library/PrivateFrameworks/FontServices.framework/libFontParser.dylib
0x00007ff825a28000 	/System/Library/PrivateFrameworks/RunningBoardServices.framework/Versions/A/RunningBoardServices
0x00007ff836739000 	/System/Library/PrivateFrameworks/IOSurfaceAccelerator.framework/Versions/A/IOSurfaceAccelerator
0x00007ff82b6d9000 	/System/Library/PrivateFrameworks/WatchdogClient.framework/Versions/A/WatchdogClient
0x00007ff820679000 	/System/Library/Frameworks/CoreDisplay.framework/Versions/A/CoreDisplay
0x00007ff827e13000 	/System/Library/Frameworks/CoreMedia.framework/Versions/A/CoreMedia
0x00007ff827ca7000 	/System/Library/PrivateFrameworks/IOAccelerator.framework/Versions/A/IOAccelerator
0x00007ff826bac000 	/System/Library/Frameworks/CoreVideo.framework/Versions/A/CoreVideo
0x00007ff82a388000 	/System/Library/Frameworks/MetalPerformanceShaders.framework/Versions/A/MetalPerformanceShaders
0x00007ff82b716000 	/System/Library/Frameworks/VideoToolbox.framework/Versions/A/VideoToolbox
0x00007ff825972000 	/System/Library/PrivateFrameworks/BaseBoard.framework/Versions/A/BaseBoard
0x00007ff8256f9000 	/System/Library/PrivateFrameworks/ProtocolBuffer.framework/Versions/A/ProtocolBuffer
0x00007ff82bd5d000 	/System/Library/PrivateFrameworks/GPUWrangler.framework/Versions/A/GPUWrangler
0x00007ff82bd41000 	/System/Library/PrivateFrameworks/IOPresentment.framework/Versions/A/IOPresentment
0x00007ff82bd67000 	/System/Library/PrivateFrameworks/DSExternalDisplay.framework/Versions/A/DSExternalDisplay
0x00007ffa380ec000 	/System/Library/Frameworks/OpenGL.framework/Versions/A/Libraries/libCoreFSCache.dylib
0x00007ffb251c2000 	/System/Library/PrivateFrameworks/GPUCompiler.framework/Versions/31001/Libraries/libGPUCompilerUtils.dylib
0x00007ff82bdd2000 	/System/Library/PrivateFrameworks/CMCaptureCore.framework/Versions/A/CMCaptureCore
0x00007ff82b2db000 	/System/Library/PrivateFrameworks/AppServerSupport.framework/Versions/A/AppServerSupport
0x00007ff82d5a0000 	/System/Library/PrivateFrameworks/perfdata.framework/Versions/A/perfdata
0x00007ff8207a5000 	/System/Library/PrivateFrameworks/AudioToolboxCore.framework/Versions/A/AudioToolboxCore
0x00007ff827df1000 	/System/Library/PrivateFrameworks/caulk.framework/Versions/A/caulk
0x00007ff82ceb2000 	/usr/lib/libAudioStatistics.dylib
0x00007ff924ba7000 	/System/Library/PrivateFrameworks/SystemPolicy.framework/Versions/A/SystemPolicy
0x00007ff82d10d000 	/usr/lib/libSMC.dylib
0x00007ff836031000 	/System/Library/Frameworks/CoreMIDI.framework/Versions/A/CoreMIDI
0x00007ff82bc8b000 	/usr/lib/libAudioToolboxUtility.dylib
0x00007ff920dcf000 	/System/Library/PrivateFrameworks/OSAServicesClient.framework/Versions/A/OSAServicesClient
0x00007ff82d5ad000 	/usr/lib/libperfcheck.dylib
0x00007ff925654000 	/usr/lib/libmis.dylib
0x00007ffa38147000 	/System/Library/Frameworks/OpenGL.framework/Versions/A/Libraries/libGLU.dylib
0x00007ffa3810b000 	/System/Library/Frameworks/OpenGL.framework/Versions/A/Libraries/libGFXShared.dylib
0x00007ffa38314000 	/System/Library/Frameworks/OpenGL.framework/Versions/A/Libraries/libGL.dylib
0x00007ffa38114000 	/System/Library/Frameworks/OpenGL.framework/Versions/A/Libraries/libGLImage.dylib
0x00007ffa38108000 	/System/Library/Frameworks/OpenGL.framework/Versions/A/Libraries/libCVMSPluginSupport.dylib
0x00007ffa380f3000 	/System/Library/Frameworks/OpenGL.framework/Versions/A/Libraries/libCoreVMClient.dylib
0x00007ff82895d000 	/System/Library/Frameworks/MetalPerformanceShaders.framework/Versions/A/Frameworks/MPSCore.framework/Versions/A/MPSCore
0x00007ff829d1f000 	/System/Library/Frameworks/MetalPerformanceShaders.framework/Versions/A/Frameworks/MPSImage.framework/Versions/A/MPSImage
0x00007ff8297c5000 	/System/Library/Frameworks/MetalPerformanceShaders.framework/Versions/A/Frameworks/MPSNeuralNetwork.framework/Versions/A/MPSNeuralNetwork
0x00007ff829c39000 	/System/Library/Frameworks/MetalPerformanceShaders.framework/Versions/A/Frameworks/MPSMatrix.framework/Versions/A/MPSMatrix
0x00007ff8299f4000 	/System/Library/Frameworks/MetalPerformanceShaders.framework/Versions/A/Frameworks/MPSRayIntersector.framework/Versions/A/MPSRayIntersector
0x00007ff829c71000 	/System/Library/Frameworks/MetalPerformanceShaders.framework/Versions/A/Frameworks/MPSNDArray.framework/Versions/A/MPSNDArray
0x00007ffa3dbcc000 	/System/Library/Frameworks/MetalPerformanceShaders.framework/Versions/A/Frameworks/MPSFunctions.framework/Versions/A/MPSFunctions
0x00007ff81faac000 	/System/Library/PrivateFrameworks/MetalTools.framework/Versions/A/MetalTools
0x00007ff8289d9000 	/System/Library/PrivateFrameworks/AggregateDictionary.framework/Versions/A/AggregateDictionary
0x00007ff82ab14000 	/usr/lib/libIOReport.dylib
0x00007ffa39723000 	/System/Library/Frameworks/OpenCL.framework/Versions/A/OpenCL
0x00007ff82ae79000 	/System/Library/PrivateFrameworks/FaceCore.framework/Versions/A/FaceCore
0x00007ff82ae6a000 	/System/Library/PrivateFrameworks/GraphVisualizer.framework/Versions/A/GraphVisualizer
0x00007ffb250cd000 	/System/Library/PrivateFrameworks/FontServices.framework/Versions/A/FontServices
0x00007ff82b293000 	/System/Library/PrivateFrameworks/OTSVG.framework/Versions/A/OTSVG
0x00007ff826792000 	/System/Library/Frameworks/ApplicationServices.framework/Versions/A/Frameworks/ATS.framework/Versions/A/Resources/libFontRegistry.dylib
0x00007ff82b2e3000 	/System/Library/PrivateFrameworks/FontServices.framework/libhvf.dylib
0x00007ffb250ce000 	/System/Library/PrivateFrameworks/FontServices.framework/libXTFontStaticRegistryData.dylib
0x00007ff82ace2000 	/System/Library/PrivateFrameworks/AppleVA.framework/Versions/A/AppleVA
0x00007ff82ced2000 	/System/Library/Frameworks/ApplicationServices.framework/Versions/A/Frameworks/ATS.framework/Versions/A/ATS
0x00007ff824e3f000 	/System/Library/Frameworks/ApplicationServices.framework/Versions/A/Frameworks/HIServices.framework/Versions/A/HIServices
0x00007ff82bddc000 	/System/Library/Frameworks/ApplicationServices.framework/Versions/A/Frameworks/PrintCore.framework/Versions/A/PrintCore
0x00007ff82d260000 	/System/Library/Frameworks/ApplicationServices.framework/Versions/A/Frameworks/QD.framework/Versions/A/QD
0x00007ff82d258000 	/System/Library/Frameworks/ApplicationServices.framework/Versions/A/Frameworks/ColorSyncLegacy.framework/Versions/A/ColorSyncLegacy
0x00007ff82cec2000 	/System/Library/Frameworks/ApplicationServices.framework/Versions/A/Frameworks/SpeechSynthesis.framework/Versions/A/SpeechSynthesis
0x00007ff82bd9d000 	/System/Library/Frameworks/ApplicationServices.framework/Versions/A/Frameworks/ATSUI.framework/Versions/A/ATSUI
0x00007ff82d1ed000 	/usr/lib/libcups.2.dylib
0x00007ff82d5bc000 	/System/Library/Frameworks/Kerberos.framework/Versions/A/Kerberos
0x00007ff82d5cb000 	/System/Library/Frameworks/GSS.framework/Versions/A/GSS
0x00007ff82cf3e000 	/usr/lib/libresolv.9.dylib
0x00007ff82b2f2000 	/System/Library/PrivateFrameworks/Heimdal.framework/Versions/A/Heimdal
0x00007ff8341b4000 	/System/Library/Frameworks/Kerberos.framework/Versions/A/Libraries/libHeimdalProxy.dylib
0x00007ff825afc000 	/System/Library/Frameworks/Network.framework/Versions/A/Network
0x00007ff82ad4d000 	/usr/lib/libheimdal-asn1.dylib
0x00007ff82d616000 	/System/Library/PrivateFrameworks/CommonAuth.framework/Versions/A/CommonAuth
0x00007ff82ce44000 	/System/Library/PrivateFrameworks/AudioSession.framework/Versions/A/AudioSession
0x00007ff82addd000 	/System/Library/PrivateFrameworks/MediaExperience.framework/Versions/A/MediaExperience
0x00007ff82ccd6000 	/System/Library/PrivateFrameworks/AudioSession.framework/libSessionUtility.dylib
0x00007ff82d26c000 	/System/Library/PrivateFrameworks/AudioResourceArbitration.framework/Versions/A/AudioResourceArbitration
0x00007ff8312ed000 	/System/Library/PrivateFrameworks/PowerLog.framework/Versions/A/PowerLog
0x00007ff82ad56000 	/System/Library/PrivateFrameworks/IconFoundation.framework/Versions/A/IconFoundation
0x00007ff8300a3000 	/System/Library/PrivateFrameworks/SpeechRecognitionCore.framework/Versions/A/SpeechRecognitionCore
0x000000010d3c6000 	/Library/Java/JavaVirtualMachines/jdk-11.0.5.jdk/Contents/Home/lib/server/libjvm.dylib
0x000000010c6cf000 	/Library/Java/JavaVirtualMachines/jdk-11.0.5.jdk/Contents/Home/lib/libverify.dylib
0x000000010c708000 	/Library/Java/JavaVirtualMachines/jdk-11.0.5.jdk/Contents/Home/lib/libjava.dylib
0x000000010c6e3000 	/Library/Java/JavaVirtualMachines/jdk-11.0.5.jdk/Contents/Home/lib/libzip.dylib
0x000000010c6eb000 	/Library/Java/JavaVirtualMachines/jdk-11.0.5.jdk/Contents/Home/lib/libjimage.dylib
0x000000010d1aa000 	/Library/Java/JavaVirtualMachines/jdk-11.0.5.jdk/Contents/Home/lib/libnio.dylib
0x000000010d1cd000 	/Library/Java/JavaVirtualMachines/jdk-11.0.5.jdk/Contents/Home/lib/libnet.dylib
0x000000010d1b8000 	/Users/mac/.openjfx/cache/13/libprism_es2.dylib
0x00007ff821c3d000 	/System/Library/PrivateFrameworks/CoreServicesInternal.framework/Versions/A/CoreServicesInternal
0x00007ffa3831f000 	/System/Library/Frameworks/OpenGL.framework/Versions/A/Resources/GLEngine.bundle/GLEngine
0x00007ffa38185000 	/System/Library/Frameworks/OpenGL.framework/Versions/A/Libraries/libGLProgrammability.dylib
0x00007ffa30af1000 	/System/Library/Extensions/AppleIntelBDWGraphicsGLDriver.bundle/Contents/MacOS/AppleIntelBDWGraphicsGLDriver
0x00007ff92f7ef000 	/System/Library/PrivateFrameworks/GPUSupport.framework/Versions/A/Libraries/libGPUSupportMercury.dylib
0x00007ffa384a9000 	/System/Library/Frameworks/OpenGL.framework/Versions/A/Resources/GLRendererFloat.bundle/GLRendererFloat
0x00000001115d8000 	/Users/mac/.openjfx/cache/13/libglass.dylib
0x00007ff8318de000 	/System/Library/Frameworks/FileProvider.framework/Versions/A/FileProvider
0x00007ff8258df000 	/System/Library/Frameworks/Accounts.framework/Versions/A/Accounts
0x00007ff831a57000 	/System/Library/PrivateFrameworks/GenerationalStorage.framework/Versions/A/GenerationalStorage
0x00007ff832568000 	/System/Library/PrivateFrameworks/CoreSymbolication.framework/Versions/A/CoreSymbolication
0x00007ff8312e2000 	/System/Library/PrivateFrameworks/SymptomDiagnosticReporter.framework/Versions/A/SymptomDiagnosticReporter
0x00007ff822efe000 	/System/Library/PrivateFrameworks/DesktopServicesPriv.framework/Versions/A/DesktopServicesPriv
0x00007ff821d7c000 	/usr/lib/libsandbox.1.dylib
0x00007ff826c2b000 	/System/Library/PrivateFrameworks/UserManagement.framework/Versions/A/UserManagement
0x00007ff83252d000 	/System/Library/PrivateFrameworks/DebugSymbols.framework/Versions/A/DebugSymbols
0x00007ff82d24d000 	/System/Library/PrivateFrameworks/NetAuth.framework/Versions/A/NetAuth
0x00007ff82e15c000 	/System/Library/PrivateFrameworks/Sharing.framework/Versions/A/Sharing
0x00007ff826bfe000 	/System/Library/PrivateFrameworks/login.framework/Versions/A/Frameworks/loginsupport.framework/Versions/A/loginsupport
0x00007ff8336cb000 	/System/Library/PrivateFrameworks/Apple80211.framework/Versions/A/Apple80211
0x00007ff829e04000 	/System/Library/PrivateFrameworks/AuthKit.framework/Versions/A/AuthKit
0x00007ff829459000 	/System/Library/PrivateFrameworks/CoreUtils.framework/Versions/A/CoreUtils
0x00007ff829380000 	/System/Library/Frameworks/CoreWLAN.framework/Versions/A/CoreWLAN
0x00007ff82e2bb000 	/System/Library/Frameworks/IOBluetooth.framework/Versions/A/IOBluetooth
0x00007ff833733000 	/System/Library/PrivateFrameworks/CoreWiFi.framework/Versions/A/CoreWiFi
0x00007ff832101000 	/System/Library/PrivateFrameworks/FrontBoardServices.framework/Versions/A/FrontBoardServices
0x00007ff832192000 	/System/Library/PrivateFrameworks/BoardServices.framework/Versions/A/BoardServices
0x00007ff829668000 	/System/Library/PrivateFrameworks/AssertionServices.framework/Versions/A/AssertionServices
0x00007ff8338b6000 	/System/Library/PrivateFrameworks/BackBoardServices.framework/Versions/A/BackBoardServices
0x00007ff82d6a7000 	/System/Library/PrivateFrameworks/CorePhoneNumbers.framework/Versions/A/CorePhoneNumbers
0x00007ff82cf6b000 	/System/Library/PrivateFrameworks/MultiverseSupport.framework/Versions/A/MultiverseSupport
0x00007ff833b2a000 	/System/Library/PrivateFrameworks/RemoteServiceDiscovery.framework/Versions/A/RemoteServiceDiscovery
0x00007ff8313ff000 	/System/Library/PrivateFrameworks/DiskManagement.framework/Versions/A/DiskManagement
0x00007ff831313000 	/System/Library/PrivateFrameworks/AppleIDAuthSupport.framework/Versions/A/AppleIDAuthSupport
0x00007ffb1fa48000 	/System/Library/PrivateFrameworks/AAAFoundation.framework/Versions/A/AAAFoundation
0x00007ff82d688000 	/System/Library/PrivateFrameworks/KeychainCircle.framework/Versions/A/KeychainCircle
0x00007ff833b3a000 	/System/Library/PrivateFrameworks/RemoteXPC.framework/Versions/A/RemoteXPC
0x00007ff8313cb000 	/System/Library/PrivateFrameworks/MediaKit.framework/Versions/A/MediaKit
0x00007ff83131f000 	/System/Library/Frameworks/DiscRecording.framework/Versions/A/DiscRecording
0x00007ff82ac5a000 	/usr/lib/libCoreStorage.dylib
0x00007ff833ba5000 	/usr/lib/libcsfde.dylib
0x00007ff82e388000 	/System/Library/PrivateFrameworks/ProtectedCloudStorage.framework/Versions/A/ProtectedCloudStorage
0x00007ff833ba1000 	/System/Library/PrivateFrameworks/EFILogin.framework/Versions/A/EFILogin
0x00007ff831a7d000 	/System/Library/PrivateFrameworks/OctagonTrust.framework/Versions/A/OctagonTrust
0x00007ffb24330000 	/System/Library/PrivateFrameworks/CoreUtilsExtras.framework/Versions/A/CoreUtilsExtras
0x00007ff831246000 	/System/Library/Frameworks/CoreBluetooth.framework/Versions/A/CoreBluetooth
0x00007ff834239000 	/System/Library/Frameworks/AudioUnit.framework/Versions/A/AudioUnit
0x00007ff82ac52000 	/usr/lib/libMatch.1.dylib
0x00007ff929c78000 	/System/Library/Frameworks/Accelerate.framework/Versions/A/Frameworks/vImage.framework/Versions/A/Libraries/libCGInterfaces.dylib
0x00000001301b6000 	/usr/lib/libobjc-trampolines.dylib
0x00007ff826923000 	/System/Library/PrivateFrameworks/ViewBridge.framework/Versions/A/ViewBridge
0x0000000132a1e000 	/Users/mac/.openjfx/cache/13/libjavafx_font.dylib
0x00007ffb37bc2000 	/usr/lib/libRosetta.dylib
0x0000000132a6f000 	/Users/mac/.openjfx/cache/13/libjavafx_iio.dylib
0x00007ff82b3aa000 	/System/Library/PrivateFrameworks/login.framework/Versions/A/login
0x0000000132f53000 	/System/Library/Frameworks/FileProvider.framework/OverrideBundles/CloudDocsFileProvider.bundle/Contents/MacOS/CloudDocsFileProvider
0x00007ff826e42000 	/System/Library/PrivateFrameworks/CloudDocs.framework/Versions/A/CloudDocs
0x00007ff833ed8000 	/System/Library/PrivateFrameworks/AppleAccount.framework/Versions/A/AppleAccount
0x00007ff82e36f000 	/System/Library/PrivateFrameworks/AppContainer.framework/Versions/A/AppContainer
0x00007ff82de2b000 	/System/Library/PrivateFrameworks/IDS.framework/Versions/A/IDS
0x00007ff834030000 	/System/Library/PrivateFrameworks/AppleIDSSOAuthentication.framework/Versions/A/AppleIDSSOAuthentication
0x00007ff826c01000 	/System/Library/PrivateFrameworks/ApplePushService.framework/Versions/A/ApplePushService
0x00007ff833c2a000 	/System/Library/PrivateFrameworks/AppSupport.framework/Versions/A/AppSupport
0x00007ff82cc3b000 	/System/Library/PrivateFrameworks/IMFoundation.framework/Versions/A/IMFoundation
0x00007ff920613000 	/System/Library/PrivateFrameworks/Marco.framework/Versions/A/Marco
0x00007ff82df9f000 	/System/Library/PrivateFrameworks/IDSFoundation.framework/Versions/A/IDSFoundation
0x00007ff82595a000 	/System/Library/PrivateFrameworks/CommonUtilities.framework/Versions/A/CommonUtilities
0x00007ff925264000 	/System/Library/PrivateFrameworks/FTServices.framework/Versions/A/FTServices
0x00007ff837a8e000 	/System/Library/PrivateFrameworks/Engram.framework/Versions/A/Engram
0x00007ff837a35000 	/usr/lib/libtidy.A.dylib
0x00007ff82b557000 	/System/Library/PrivateFrameworks/Bom.framework/Versions/A/Bom
0x00007ff82cf7b000 	/usr/lib/libParallelCompression.dylib
0x00007ff82ab1d000 	/System/Library/PrivateFrameworks/CrashReporterSupport.framework/Versions/A/CrashReporterSupport
0x00007ff92f5b8000 	/System/Library/PrivateFrameworks/FTAWD.framework/Versions/A/FTAWD
0x00007ff931694000 	/System/Library/PrivateFrameworks/OSAnalytics.framework/Versions/A/OSAnalytics
0x00007ff93c852000 	/System/Library/PrivateFrameworks/Symbolication.framework/Versions/A/Symbolication
0x00007ff925631000 	/System/Library/PrivateFrameworks/MallocStackLogging.framework/Versions/A/MallocStackLogging
0x00007ff8307b3000 	/System/Library/PrivateFrameworks/CoreDaemon.framework/Versions/B/CoreDaemon
0x00007ff8307ae000 	/System/Library/PrivateFrameworks/AppleSRP.framework/Versions/A/AppleSRP
0x00007ff829710000 	/System/Library/Frameworks/ServiceManagement.framework/Versions/A/ServiceManagement
0x00007ff82e384000 	/System/Library/PrivateFrameworks/SecCodeWrapper.framework/Versions/A/SecCodeWrapper
0x0000000132f6b000 	/System/Library/Frameworks/FileProvider.framework/OverrideBundles/FileProviderOverride.bundle/Contents/MacOS/FileProviderOverride
0x0000000133004000 	/System/Library/Frameworks/FileProvider.framework/OverrideBundles/FinderSyncCollaborationFileProviderOverride.bundle/Contents/MacOS/FinderSyncCollaborationFileProviderOverride
0x00007ff935d7b000 	/System/Library/PrivateFrameworks/FinderSyncPriv.framework/Versions/A/FinderSyncPriv
0x00007ff92345e000 	/usr/lib/libFosl_dynamic.dylib
0x00007ff92941f000 	/usr/lib/libncurses.5.4.dylib
0x00007ffa2f4f5000 	/System/Library/Extensions/AppleIntelBDWGraphicsMTLDriver.bundle/Contents/MacOS/AppleIntelBDWGraphicsMTLDriver
0x00007ff92566f000 	/System/Library/PrivateFrameworks/GPURawCounter.framework/Versions/A/GPURawCounter


VM Arguments:
jvm_args: --module-path=/Users/mac/.m2/repository/org/openjfx/javafx-base/13/javafx-base-13-mac.jar:/Users/mac/.m2/repository/org/openjfx/javafx-base/13/javafx-base-13.jar:/Users/mac/.m2/repository/org/openjfx/javafx-controls/13/javafx-controls-13-mac.jar:/Users/mac/.m2/repository/org/openjfx/javafx-controls/13/javafx-controls-13.jar:/Users/mac/.m2/repository/org/openjfx/javafx-fxml/13/javafx-fxml-13-mac.jar:/Users/mac/.m2/repository/org/openjfx/javafx-fxml/13/javafx-fxml-13.jar:/Users/mac/.m2/repository/org/openjfx/javafx-graphics/13/javafx-graphics-13-mac.jar:/Users/mac/.m2/repository/org/openjfx/javafx-graphics/13/javafx-graphics-13.jar --add-modules=javafx.base,javafx.controls,javafx.fxml,javafx.graphics 
java_command: com.checkers.open.App
java_class_path (initial): /Users/mac/NetBeansProjects/javafxcheckersgame/target/classes:/Users/mac/.m2/repository/junit/junit/4.12/junit-4.12.jar:/Users/mac/.m2/repository/org/hamcrest/hamcrest-core/1.3/hamcrest-core-1.3.jar
Launcher Type: SUN_STANDARD

[Global flags]
     intx CICompilerCount                          = 3                                         {product} {ergonomic}
     uint ConcGCThreads                            = 1                                         {product} {ergonomic}
     uint G1ConcRefinementThreads                  = 4                                         {product} {ergonomic}
   size_t G1HeapRegionSize                         = 1048576                                   {product} {ergonomic}
    uintx GCDrainStackTargetSize                   = 64                                        {product} {ergonomic}
   size_t InitialHeapSize                          = 134217728                                 {product} {ergonomic}
   size_t MarkStackSize                            = 4194304                                   {product} {ergonomic}
   size_t MaxHeapSize                              = 2147483648                                {product} {ergonomic}
   size_t MaxNewSize                               = 1287651328                                {product} {ergonomic}
   size_t MinHeapDeltaBytes                        = 1048576                                   {product} {ergonomic}
    uintx NonNMethodCodeHeapSize                   = 5830732                                {pd product} {ergonomic}
    uintx NonProfiledCodeHeapSize                  = 122913754                              {pd product} {ergonomic}
    uintx ProfiledCodeHeapSize                     = 122913754                              {pd product} {ergonomic}
    uintx ReservedCodeCacheSize                    = 251658240                              {pd product} {ergonomic}
     bool SegmentedCodeCache                       = true                                      {product} {ergonomic}
     bool UseCompressedClassPointers               = true                                 {lp64_product} {ergonomic}
     bool UseCompressedOops                        = true                                 {lp64_product} {ergonomic}
     bool UseG1GC                                  = true                                      {product} {ergonomic}

Logging:
Log output configuration:
 #0: stdout all=warning uptime,level,tags
 #1: stderr all=off uptime,level,tags

Environment Variables:
JAVA_HOME=/Library/Java/JavaVirtualMachines/jdk-11.0.5.jdk/Contents/Home
PATH=/usr/bin:/bin:/usr/sbin:/sbin
SHELL=/bin/bash

Signal Handlers:
SIGSEGV: [libjvm.dylib+0x742100], sa_mask[0]=11111111011111110111111111111111, sa_flags=SA_ONSTACK|SA_RESTART|SA_SIGINFO
SIGBUS: [libjvm.dylib+0x742100], sa_mask[0]=11111111011111110111111111111111, sa_flags=SA_RESTART|SA_SIGINFO
SIGFPE: [libjvm.dylib+0x742100], sa_mask[0]=11111111011111110111111111111111, sa_flags=SA_RESTART|SA_SIGINFO
SIGPIPE: [libjvm.dylib+0x5f4862], sa_mask[0]=11111111011111110111111111111111, sa_flags=SA_RESTART|SA_SIGINFO
SIGXFSZ: [libjvm.dylib+0x5f4862], sa_mask[0]=11111111011111110111111111111111, sa_flags=SA_RESTART|SA_SIGINFO
SIGILL: [libjvm.dylib+0x742100], sa_mask[0]=11111111011111110111111111111111, sa_flags=SA_RESTART|SA_SIGINFO
SIGUSR2: [libjvm.dylib+0x5f4e47], sa_mask[0]=00100000000000000000000000000000, sa_flags=SA_RESTART|SA_SIGINFO
SIGHUP: [libjvm.dylib+0x5f38a3], sa_mask[0]=11111111011111110111111111111111, sa_flags=SA_RESTART|SA_SIGINFO
SIGINT: SIG_IGN, sa_mask[0]=00000000000000000000000000000000, sa_flags=none
SIGTERM: [libjvm.dylib+0x5f38a3], sa_mask[0]=11111111011111110111111111111111, sa_flags=SA_RESTART|SA_SIGINFO
SIGQUIT: [libjvm.dylib+0x5f38a3], sa_mask[0]=11111111011111110111111111111111, sa_flags=SA_RESTART|SA_SIGINFO


---------------  S Y S T E M  ---------------

OS:uname:Darwin 21.6.0 Darwin Kernel Version 21.6.0: Thu Mar  9 20:08:59 PST 2023; root:xnu-8020.240.18.700.8~1/RELEASE_X86_64 x86_64
rlimit: STACK 8192k, CORE 0k, NPROC 1392, NOFILE 10240, AS infinity, DATA infinity, FSIZE infinity
load average:9.25 12.75 11.44

CPU:total 4 (initial active 4) (2 cores per cpu, 2 threads per core) family 6 model 61 stepping 4, cmov, cx8, fxsr, mmx, sse, sse2, sse3, ssse3, sse4.1, sse4.2, popcnt, avx, avx2, aes, clmul, erms, rtm, 3dnowpref, lzcnt, ht, tsc, tscinvbit, bmi1, bmi2, adx, fma

Memory: 4k page, physical 8388608k(47640k free)

vm_info: Java HotSpot(TM) 64-Bit Server VM (11.0.5+10-LTS) for bsd-amd64 JRE (11.0.5+10-LTS), built on Oct  6 2019 11:48:21 by "mach5one" with gcc 4.2.1 Compatible Apple LLVM 9.1.0 (clang-902.0.39.2)

END.
